<?xml version="1.0" encoding="UTF-8"?>
<!-- Generated by org.testng.reporters.JUnitReportReporter -->
<testsuite hostname="Sudhayog" failures="0" tests="1" name="apachePOIOperations.ReadDataWithExample" time="17.568" errors="0" timestamp="2020-03-21T15:48:38 SGT" skipped="0">
  <testcase classname="apachePOIOperations.ReadDataWithExample" name="getExcelData" time="17.568"/>
  <system-out/>
</testsuite> <!-- apachePOIOperations.ReadDataWithExample -->
