<?xml version="1.0" encoding="UTF-8"?>
<!-- Generated by org.testng.reporters.JUnitReportReporter -->
<testsuite hostname="Sudhayog" failures="0" tests="4" name="apachePOIOperations.sample" time="3.020" errors="0" timestamp="2020-03-23T00:49:18 SGT" skipped="0">
  <testcase classname="apachePOIOperations.sample" name="login" time="1.399"/>
  <system-out/>
  <testcase classname="apachePOIOperations.sample" name="login" time="0.497"/>
  <system-out/>
  <testcase classname="apachePOIOperations.sample" name="login" time="0.533"/>
  <system-out/>
  <testcase classname="apachePOIOperations.sample" name="login" time="0.591"/>
  <system-out/>
</testsuite> <!-- apachePOIOperations.sample -->
